

***********************************************************************
Fatal NI connect error 12541, connecting to:
 (DESCRIPTION=(ADDRESS=(PROTOCOL=TCP)(HOST=172.16.0.15)(PORT=1521))(CONNECT_DATA=(SERVER=DEDICATED)(SERVICE_NAME=siath)(INSTANCE_NAME=siath)(CID=(PROGRAM=E:\DevSuiteHome\bin\frmbld.exe)(HOST=VM-COLMAN)(USER=Administrador))))

  VERSION INFORMATION:
	TNS for 32-bit Windows: Version 10.1.0.4.0 - Production
	Windows NT TCP/IP NT Protocol Adapter for 32-bit Windows: Version 10.1.0.4.0 - Production
  Time: 23-DEC-2020 10:16:49
  Tracing not turned on.
  Tns error struct:
    ns main err code: 12541
    TNS-12541: TNS:no listener
    ns secondary err code: 12560
    nt main err code: 511
    TNS-00511: No listener
    nt secondary err code: 61
    nt OS err code: 0


***********************************************************************
Fatal NI connect error 12541, connecting to:
 (DESCRIPTION=(ADDRESS=(PROTOCOL=TCP)(HOST=172.16.0.15)(PORT=1521))(CONNECT_DATA=(SERVER=DEDICATED)(SERVICE_NAME=siath)(INSTANCE_NAME=siath)(CID=(PROGRAM=E:\DevSuiteHome\bin\frmbld.exe)(HOST=VM-COLMAN)(USER=Administrador))))

  VERSION INFORMATION:
	TNS for 32-bit Windows: Version 10.1.0.4.0 - Production
	Windows NT TCP/IP NT Protocol Adapter for 32-bit Windows: Version 10.1.0.4.0 - Production
  Time: 23-DEC-2020 10:26:55
  Tracing not turned on.
  Tns error struct:
    ns main err code: 12541
    TNS-12541: TNS:no listener
    ns secondary err code: 12560
    nt main err code: 511
    TNS-00511: No listener
    nt secondary err code: 61
    nt OS err code: 0


***********************************************************************
Fatal NI connect error 12541, connecting to:
 (DESCRIPTION=(ADDRESS=(PROTOCOL=TCP)(HOST=172.16.0.15)(PORT=1521))(CONNECT_DATA=(SERVER=DEDICATED)(SERVICE_NAME=siath)(INSTANCE_NAME=siath)(CID=(PROGRAM=E:\DevSuiteHome\bin\frmbld.exe)(HOST=VM-COLMAN)(USER=Administrador))))

  VERSION INFORMATION:
	TNS for 32-bit Windows: Version 10.1.0.4.0 - Production
	Windows NT TCP/IP NT Protocol Adapter for 32-bit Windows: Version 10.1.0.4.0 - Production
  Time: 28-DEC-2020 07:13:53
  Tracing not turned on.
  Tns error struct:
    ns main err code: 12541
    TNS-12541: TNS:no listener
    ns secondary err code: 12560
    nt main err code: 511
    TNS-00511: No listener
    nt secondary err code: 61
    nt OS err code: 0
